<?xml version="1.0" encoding="UTF-8"?>
<!-- Generated by org.testng.reporters.JUnitReportReporter -->
<testsuite hostname="DESKTOP-07J22P1" failures="0" tests="1" name="practice.pom.repository.SimpleTestWithPOM" time="24.131" errors="0" timestamp="2024-05-08T11:10:27 IST" skipped="0">
  <testcase classname="practice.pom.repository.SimpleTestWithPOM" name="simpleTest" time="24.131"/>
  <system-out/>
</testsuite> <!-- practice.pom.repository.SimpleTestWithPOM -->
