<?xml version="1.0" encoding="UTF-8"?>
<!-- Generated by org.testng.reporters.JUnitReportReporter -->
<testsuite hostname="DESKTOP-07J22P1" failures="0" tests="1" name="practice.datadriventesting.ReadDataFromTestNgXmlTest" time="0.040" errors="0" timestamp="2024-05-03T12:14:41 IST" skipped="0">
  <testcase classname="practice.datadriventesting.ReadDataFromTestNgXmlTest" name="sampleTest" time="0.040"/>
  <system-out>
    <![CDATA[execute sampleTest]]>
  </system-out>
</testsuite> <!-- practice.datadriventesting.ReadDataFromTestNgXmlTest -->
