<?xml version="1.0" encoding="UTF-8"?>
<!-- Generated by org.testng.reporters.JUnitReportReporter -->
<testsuite hostname="DESKTOP-07J22P1" failures="0" tests="1" name="practice.datadriventesting.CreateOrganizationTest" time="70.861" errors="0" timestamp="2024-05-03T12:22:53 IST" skipped="0">
  <testcase classname="practice.datadriventesting.CreateOrganizationTest" name="createorgtest" time="70.861"/>
  <system-out/>
</testsuite> <!-- practice.datadriventesting.CreateOrganizationTest -->
